app/build/outputs/apk/manifest-merger-debug-report.txt
-- Merging decision tree log ---
manifest
ADDED from AndroidManifest.xml:2:1
	xmlns:android
		ADDED from AndroidManifest.xml:2:11
	package
		ADDED from AndroidManifest.xml:3:5
		INJECTED from AndroidManifest.xml:0:0
		INJECTED from AndroidManifest.xml:0:0
	android:versionName
		ADDED from AndroidManifest.xml:5:5
	android:versionCode
		ADDED from AndroidManifest.xml:4:5
		INJECTED from AndroidManifest.xml:0:0
		INJECTED from AndroidManifest.xml:0:0
uses-permission#com.example.busroutefinder.permission.MAPS_RECEIVE
ADDED from AndroidManifest.xml:7:5
	android:name
		ADDED from AndroidManifest.xml:7:22
uses-sdk
ADDED from AndroidManifest.xml:8:5
MERGED from com.android.support:support-v4:20.0.0:16:5
MERGED from com.google.android.gms:play-services:6.1.71:15:5
MERGED from com.android.support:support-v4:20.0.0:16:5
MERGED from com.android.support:appcompat-v7:19.1.0:18:5
MERGED from com.android.support:support-v4:20.0.0:16:5
	android:targetSdkVersion
		ADDED from AndroidManifest.xml:10:9
		INJECTED from AndroidManifest.xml:0:0
		INJECTED from AndroidManifest.xml:0:0
	android:minSdkVersion
		ADDED from AndroidManifest.xml:9:9
		INJECTED from AndroidManifest.xml:0:0
		INJECTED from AndroidManifest.xml:0:0
permission#com.example.busroutefinder.permission.MAPS_RECEIVE
ADDED from AndroidManifest.xml:11:6
	android:protectionLevel
		ADDED from AndroidManifest.xml:13:7
	android:name
		ADDED from AndroidManifest.xml:12:7
uses-permission#android.permission.ACCESS_NETWORK_STATE
ADDED from AndroidManifest.xml:15:6
	android:name
		ADDED from AndroidManifest.xml:15:23
uses-permission#android.permission.INTERNET
ADDED from AndroidManifest.xml:16:4
	android:name
		ADDED from AndroidManifest.xml:16:21
uses-permission#com.google.android.providers.gsf.permission.READ_GSERVICES
ADDED from AndroidManifest.xml:17:4
	android:name
		ADDED from AndroidManifest.xml:17:21
uses-permission#android.permission.WRITE_EXTERNAL_STORAGE
ADDED from AndroidManifest.xml:18:4
	android:name
		ADDED from AndroidManifest.xml:18:21
uses-permission#android.permission.ACCESS_COARSE_LOCATION
ADDED from AndroidManifest.xml:20:4
	android:name
		ADDED from AndroidManifest.xml:20:21
uses-permission#android.permission.ACCESS_FINE_LOCATION
ADDED from AndroidManifest.xml:21:4
	android:name
		ADDED from AndroidManifest.xml:21:21
uses-feature#0x00020000
ADDED from AndroidManifest.xml:23:4
	android:required
		ADDED from AndroidManifest.xml:25:7
	android:glEsVersion
		ADDED from AndroidManifest.xml:24:7
application
ADDED from AndroidManifest.xml:28:5
MERGED from com.android.support:support-v4:20.0.0:17:5
MERGED from com.google.android.gms:play-services:6.1.71:16:5
MERGED from com.android.support:support-v4:20.0.0:17:5
MERGED from com.android.support:appcompat-v7:19.1.0:19:5
MERGED from com.android.support:support-v4:20.0.0:17:5
	android:label
		ADDED from AndroidManifest.xml:31:9
	android:allowBackup
		ADDED from AndroidManifest.xml:29:9
	android:icon
		ADDED from AndroidManifest.xml:30:9
	android:theme
		ADDED from AndroidManifest.xml:32:9
activity#com.example.busroutefinder.MainActivity
ADDED from AndroidManifest.xml:33:9
	android:label
		ADDED from AndroidManifest.xml:35:13
	android:name
		ADDED from AndroidManifest.xml:34:13
intent-filter#android.intent.action.MAIN+android.intent.category.LAUNCHER
ADDED from AndroidManifest.xml:36:13
action#android.intent.action.MAIN
ADDED from AndroidManifest.xml:37:17
	android:name
		ADDED from AndroidManifest.xml:37:25
category#android.intent.category.LAUNCHER
ADDED from AndroidManifest.xml:39:17
	android:name
		ADDED from AndroidManifest.xml:39:27
intent-filter#android.intent.action.SEARCH
ADDED from AndroidManifest.xml:41:13
action#android.intent.action.SEARCH
ADDED from AndroidManifest.xml:42:17
	android:name
		ADDED from AndroidManifest.xml:42:25
uses-library#com.google.android.maps
ADDED from AndroidManifest.xml:47:9
	android:required
		ADDED from AndroidManifest.xml:47:23
	android:name
		ADDED from AndroidManifest.xml:47:47
meta-data#android.app.searchable
ADDED from AndroidManifest.xml:48:1
	android:resource
		ADDED from AndroidManifest.xml:50:17
	android:name
		ADDED from AndroidManifest.xml:49:17
meta-data#com.google.android.maps.v2.API_KEY
ADDED from AndroidManifest.xml:52:1
	android:name
		ADDED from AndroidManifest.xml:53:4
	android:value
		ADDED from AndroidManifest.xml:54:4
meta-data#com.google.android.gms.version
ADDED from AndroidManifest.xml:55:1
	android:name
		ADDED from AndroidManifest.xml:56:13
	android:value
		ADDED from AndroidManifest.xml:57:13
activity#com.example.busroutefinder.Buseroutes
ADDED from AndroidManifest.xml:59:9
	android:name
		ADDED from AndroidManifest.xml:59:19
activity#com.example.busroutefinder.JavaConnect
ADDED from AndroidManifest.xml:60:9
	android:name
		ADDED from AndroidManifest.xml:60:19
activity#com.example.busroutefinder.BusRouteAdapter
ADDED from AndroidManifest.xml:61:9
	android:name
		ADDED from AndroidManifest.xml:61:19
activity#com.example.busroutefinder.Place_to_Place_Activity
ADDED from AndroidManifest.xml:62:9
	android:name
		ADDED from AndroidManifest.xml:62:19
activity#com.example.busroutefinder.AddDataActivity
ADDED from AndroidManifest.xml:63:9
	android:name
		ADDED from AndroidManifest.xml:63:19
activity#com.example.busroutefinder.SetLocationActivity
ADDED from AndroidManifest.xml:64:9
	android:name
		ADDED from AndroidManifest.xml:64:19
activity#com.example.busroutefinder.RouteFinder
ADDED from AndroidManifest.xml:65:9
	android:name
		ADDED from AndroidManifest.xml:65:19
activity#com.example.busroutefinder.MovePoint
ADDED from AndroidManifest.xml:66:10
	android:name
		ADDED from AndroidManifest.xml:66:20
activity#com.example.busroutefinder.Notificationbuilder
ADDED from AndroidManifest.xml:67:11
	android:name
		ADDED from AndroidManifest.xml:67:21
service#com.example.busroutefinder.MovePoint
ADDED from AndroidManifest.xml:68:11
	android:name
		ADDED from AndroidManifest.xml:68:20
service#com.example.busroutefinder.SetLocationActivity
ADDED from AndroidManifest.xml:69:11
	android:name
		ADDED from AndroidManifest.xml:69:20
activity#com.example.busroutefinder.RouteNumberSearch
ADDED from AndroidManifest.xml:70:12
	android:name
		ADDED from AndroidManifest.xml:70:22
activity#com.example.busroutefinder.Add_placeActivity
ADDED from AndroidManifest.xml:71:13
	android:name
		ADDED from AndroidManifest.xml:71:23
activity#com.example.busroutefinder.Add_routeActivity
ADDED from AndroidManifest.xml:72:14
	android:name
		ADDED from AndroidManifest.xml:72:24